<?xml version="1.0" encoding="UTF-8"?>
<testsuite name="com.kodilla.stream.array.ArrayOperationsTestSuite" tests="1" skipped="0" failures="0" errors="0" timestamp="2019-03-04T12:03:41" hostname="Oliwier" time="0.061">
  <properties/>
  <testcase name="testGetAverage" classname="com.kodilla.stream.array.ArrayOperationsTestSuite" time="0.061"/>
  <system-out><![CDATA[6
7
10
4
11
12
1
]]></system-out>
  <system-err><![CDATA[]]></system-err>
</testsuite>
