<?xml version="1.0" encoding="UTF-8"?>
<testsuite name="com.kodilla.spring.portfolio.BoardTestSuite" tests="1" skipped="0" failures="0" errors="0" timestamp="2019-04-08T09:25:20" hostname="Oliwier" time="0.053">
  <properties/>
  <testcase name="testTaskAdd" classname="com.kodilla.spring.portfolio.BoardTestSuite" time="0.053"/>
  <system-out><![CDATA[2019-04-08 11:25:20.356  INFO 7940 --- [    Test worker] s.c.a.AnnotationConfigApplicationContext : Refreshing org.springframework.context.annotation.AnnotationConfigApplicationContext@5d1174d4: startup date [Mon Apr 08 11:25:20 CEST 2019]; root of context hierarchy
]]></system-out>
  <system-err><![CDATA[]]></system-err>
</testsuite>
