<?xml version="1.0" encoding="UTF-8"?>
<testsuite name="com.kodilla.spring.portfolio.BoardTestSuite" tests="1" skipped="0" failures="0" errors="0" timestamp="2019-04-05T08:33:17" hostname="Oliwier" time="0.009">
  <properties/>
  <testcase name="testTaskAdd" classname="com.kodilla.spring.portfolio.BoardTestSuite" time="0.009"/>
  <system-out><![CDATA[]]></system-out>
  <system-err><![CDATA[]]></system-err>
</testsuite>
