<?xml version="1.0" encoding="UTF-8"?>
<testsuite name="com.kodilla.testing.shape.ShapeCollectorTestSuite" tests="4" skipped="0" failures="0" errors="0" timestamp="2019-04-04T19:53:29" hostname="Oliwier" time="0.004">
  <properties/>
  <testcase name="testShowFigures" classname="com.kodilla.testing.shape.ShapeCollectorTestSuite" time="0.003"/>
  <testcase name="testRemoveFigure" classname="com.kodilla.testing.shape.ShapeCollectorTestSuite" time="0.0"/>
  <testcase name="testAddFigure" classname="com.kodilla.testing.shape.ShapeCollectorTestSuite" time="0.001"/>
  <testcase name="testGetFigure" classname="com.kodilla.testing.shape.ShapeCollectorTestSuite" time="0.0"/>
  <system-out><![CDATA[This is the beginning of tests.
Preparing to execute test #
com.kodilla.testing.shape.Circle@1fac6de2
com.kodilla.testing.shape.Square@38c72b2
com.kodilla.testing.shape.Triangle@739874eb
Preparing to execute test #
Preparing to execute test #
com.kodilla.testing.shape.Circle@76beb917
com.kodilla.testing.shape.Triangle@a81195f
com.kodilla.testing.shape.Triangle@6a78e35f
com.kodilla.testing.shape.Square@5a77edd7
Preparing to execute test #
All tests are finished.
]]></system-out>
  <system-err><![CDATA[]]></system-err>
</testsuite>
