<?xml version="1.0" encoding="UTF-8"?>
<testsuite name="com.kodilla.testing.shape.ShapeCollectorTestSuite" tests="4" skipped="0" failures="0" errors="0" timestamp="2019-02-20T23:08:07" hostname="Oliwier" time="0.005">
  <properties/>
  <testcase name="testShowFigures" classname="com.kodilla.testing.shape.ShapeCollectorTestSuite" time="0.004"/>
  <testcase name="testRemoveFigure" classname="com.kodilla.testing.shape.ShapeCollectorTestSuite" time="0.0"/>
  <testcase name="testAddFigure" classname="com.kodilla.testing.shape.ShapeCollectorTestSuite" time="0.001"/>
  <testcase name="testGetFigure" classname="com.kodilla.testing.shape.ShapeCollectorTestSuite" time="0.0"/>
  <system-out><![CDATA[This is the beginning of tests.
Preparing to execute test #
com.kodilla.testing.shape.Circle@4a026856
com.kodilla.testing.shape.Square@42b69197
com.kodilla.testing.shape.Triangle@61e47081
Preparing to execute test #
Preparing to execute test #
com.kodilla.testing.shape.Circle@1e910a4d
com.kodilla.testing.shape.Triangle@47888111
com.kodilla.testing.shape.Triangle@31c48a5e
com.kodilla.testing.shape.Square@7366849f
Preparing to execute test #
All tests are finished.
]]></system-out>
  <system-err><![CDATA[]]></system-err>
</testsuite>
