<?xml version="1.0" encoding="UTF-8"?>
<testsuite name="com.kodilla.patterns.builder.bigmac.BigmacTestSuite" tests="1" skipped="0" failures="0" errors="0" timestamp="2019-04-04T19:52:55" hostname="Oliwier" time="0.006">
  <properties/>
  <testcase name="testBigmacBuilder" classname="com.kodilla.patterns.builder.bigmac.BigmacTestSuite" time="0.006"/>
  <system-out><![CDATA[Bigmac{bun='with sesame', burgers=3, sauce='spicy', ingredients=[salade, beckon, cheese, tomate, cucumber]}
]]></system-out>
  <system-err><![CDATA[]]></system-err>
</testsuite>
