<?xml version="1.0" encoding="UTF-8"?>
<testsuite name="com.kodilla.patterns.prototype.library.LibraryTestSuite" tests="1" skipped="0" failures="0" errors="0" timestamp="2019-04-05T08:33:09" hostname="Oliwier" time="0.009">
  <properties/>
  <testcase name="testGetBooks" classname="com.kodilla.patterns.prototype.library.LibraryTestSuite" time="0.009"/>
  <system-out><![CDATA[com.kodilla.patterns.prototype.library.Library@513cb2c2
com.kodilla.patterns.prototype.library.Library@506dcdde
com.kodilla.patterns.prototype.library.Library@27a7b52f
]]></system-out>
  <system-err><![CDATA[]]></system-err>
</testsuite>
